<?xml version="1.0" encoding="UTF-8"?>
<!-- Generated by org.testng.reporters.JUnitReportReporter -->
<testsuite hostname="MSI" failures="0" tests="1" name="testcase.SampleCart" time="26.187" errors="0" timestamp="2023-09-29T16:59:38 IST" skipped="0">
  <testcase classname="testcase.SampleCart" name="loginTest" time="26.187"/>
  <system-out/>
</testsuite> <!-- testcase.SampleCart -->
