<?xml version="1.0" encoding="UTF-8"?>
<!-- Generated by org.testng.reporters.JUnitReportReporter -->
<testsuite hostname="MSI" failures="0" tests="2" name="testcase.SampleAnnotations" time="8.249" errors="0" timestamp="2023-09-21T16:40:49 IST" skipped="0">
  <testcase classname="testcase.SampleAnnotations" name="test" time="4.191"/>
  <system-out/>
  <testcase classname="testcase.SampleAnnotations" name="test1" time="4.058"/>
  <system-out/>
</testsuite> <!-- testcase.SampleAnnotations -->
