<?xml version="1.0" encoding="UTF-8"?>
<!-- Generated by org.testng.reporters.JUnitReportReporter -->
<testsuite hostname="MSI" failures="0" tests="1" name="utilities.Reports" time="6.402" errors="0" timestamp="2023-09-21T14:31:45 IST" skipped="0">
  <testcase classname="utilities.Reports" name="extentReportsDemo" time="6.402"/>
  <system-out/>
</testsuite> <!-- utilities.Reports -->
