<?xml version="1.0" encoding="UTF-8"?>
<!-- Generated by org.testng.reporters.JUnitReportReporter -->
<testsuite hostname="MSI" failures="0" tests="1" name="testcase.SampleActions" time="22.352" errors="0" timestamp="2023-09-28T22:03:08 IST" skipped="0">
  <testcase classname="testcase.SampleActions" name="testActions" time="22.352"/>
  <system-out/>
</testsuite> <!-- testcase.SampleActions -->
