<?xml version="1.0" encoding="UTF-8"?>
<!-- Generated by org.testng.reporters.JUnitReportReporter -->
<testsuite hostname="MSI" failures="0" tests="1" name="testcase.Mouse" time="5.471" errors="0" timestamp="2023-09-29T09:19:52 IST" skipped="0">
  <testcase classname="testcase.Mouse" name="testmethod" time="5.471"/>
  <system-out/>
</testsuite> <!-- testcase.Mouse -->
