<?xml version="1.0" encoding="UTF-8"?>
<!-- Generated by org.testng.reporters.JUnitReportReporter -->
<testsuite hostname="MSI" failures="0" tests="1" name="testcase.SecondTestCase" time="19.782" errors="0" timestamp="2023-09-26T11:57:25 IST" skipped="0">
  <testcase classname="testcase.SecondTestCase" name="loginTest" time="19.782"/>
  <system-out/>
</testsuite> <!-- testcase.SecondTestCase -->
