<?xml version="1.0" encoding="UTF-8"?>
<!-- Generated by org.testng.reporters.JUnitReportReporter -->
<testsuite hostname="MSI" failures="0" tests="1" name="testcase.MyFirstTestFW" time="9.955" errors="0" timestamp="2023-09-26T11:57:24 IST" skipped="0">
  <testcase classname="testcase.MyFirstTestFW" name="loginTest" time="9.955"/>
  <system-out/>
</testsuite> <!-- testcase.MyFirstTestFW -->
